<?xml version="1.0" encoding="UTF-8"?>
<testsuite name="edu.jsu.mcis.TicTacToeTest" tests="16" skipped="0" failures="0" errors="0" timestamp="2015-01-29T21:10:29" hostname="YogaPro" time="0.154">
  <properties/>
  <testcase name="testInitialBoardIsCompletelyEmpty" classname="edu.jsu.mcis.TicTacToeTest" time="0.116"/>
  <testcase name="testGettingMarkInBottomLeftAndReturningAsAString" classname="edu.jsu.mcis.TicTacToeTest" time="0.003"/>
  <testcase name="testGettingMarkThatShouldBeEmptyInMiddleAndReturningAsAString" classname="edu.jsu.mcis.TicTacToeTest" time="0.002"/>
  <testcase name="testIfGameIsWonByXDiagonalTopLeftToBottomRightOnLastPossibleMove" classname="edu.jsu.mcis.TicTacToeTest" time="0.002"/>
  <testcase name="testIfGameIsTiedAndAllSpacesAreBeingUsed" classname="edu.jsu.mcis.TicTacToeTest" time="0.002"/>
  <testcase name="testIfGameIsWonByOOnMiddleColDown" classname="edu.jsu.mcis.TicTacToeTest" time="0.002"/>
  <testcase name="testXWinsInTopRowAndGameResetsToNewGame" classname="edu.jsu.mcis.TicTacToeTest" time="0.002"/>
  <testcase name="testIfGameIsWonByXOnTopRowAcross" classname="edu.jsu.mcis.TicTacToeTest" time="0.001"/>
  <testcase name="testMarkXInUpperRightCorner" classname="edu.jsu.mcis.TicTacToeTest" time="0.002"/>
  <testcase name="textResetGameAfterATie" classname="edu.jsu.mcis.TicTacToeTest" time="0.002"/>
  <testcase name="testIfGameIsWonByXDiagonalTopLeftToBottomRight" classname="edu.jsu.mcis.TicTacToeTest" time="0.003"/>
  <testcase name="testIfMarkingInSameSpotTwiceWorksAsItShould" classname="edu.jsu.mcis.TicTacToeTest" time="0.002"/>
  <testcase name="testIfGameIsWonByODiagonalTopRightToBottomLeft" classname="edu.jsu.mcis.TicTacToeTest" time="0.002"/>
  <testcase name="testMarkOInBottomLeftCorner" classname="edu.jsu.mcis.TicTacToeTest" time="0.002"/>
  <testcase name="testMarkXInMiddleAndOInBottomRightCorner" classname="edu.jsu.mcis.TicTacToeTest" time="0.002"/>
  <testcase name="testGettingMarkInTopLeftAndReturningAsAString" classname="edu.jsu.mcis.TicTacToeTest" time="0.003"/>
  <system-out><![CDATA[]]></system-out>
  <system-err><![CDATA[]]></system-err>
</testsuite>
